<?xml version="1.0" encoding="UTF-8" ?>
<testsuite errors="1" failures="0" hostname="air-inessa.itstep.lan" name="CalcTest" skipped="0" tests="1" time="0.054" timestamp="2025-05-14T17:23:56">
  <properties>
[...]
</properties>
  <testcase classname="CalcTest" name="initializationError" time="0.003">
    <error message="Invalid test class &apos;CalcTest&apos;:&#xa;  1. No runnable methods" type="org.junit.runners.model.InvalidTestClassError">org.junit.runners.model.InvalidTestClassError: Invalid test class &apos;CalcTest&apos;:
  1. No runnable methods
	at java.base/jdk.internal.reflect.DirectConstructorHandleAccessor.newInstance(DirectConstructorHandleAccessor.java:62)
	at java.base/java.lang.reflect.Constructor.newInstanceWithCaller(Constructor.java:502)
	at java.base/java.lang.reflect.Constructor.newInstance(Constructor.java:486)
</error>
  </testcase>
  <system-out><![CDATA[]]></system-out>
  <system-err><![CDATA[]]></system-err>
</testsuite>
